CRITICAL - 2020-12-06 18:38:40 --> Class 'App\Controllers\studioModel' not found
#0 /Applications/XAMPP/xamppfiles/htdocs/Pagina/system/CodeIgniter.php(918): App\Controllers\Admin->usuarioCreado()
#1 /Applications/XAMPP/xamppfiles/htdocs/Pagina/system/CodeIgniter.php(404): CodeIgniter\CodeIgniter->runController(Object(App\Controllers\Admin))
#2 /Applications/XAMPP/xamppfiles/htdocs/Pagina/system/CodeIgniter.php(312): CodeIgniter\CodeIgniter->handleRequest(NULL, Object(Config\Cache), false)
#3 /Applications/XAMPP/xamppfiles/htdocs/Pagina/index.php(45): CodeIgniter\CodeIgniter->run()
#4 {main}
CRITICAL - 2020-12-06 23:11:14 --> Class 'App\Controllers\cienteModel' not found
#0 /Applications/XAMPP/xamppfiles/htdocs/Pagina/system/CodeIgniter.php(918): App\Controllers\Home->cotizacionEnviada()
#1 /Applications/XAMPP/xamppfiles/htdocs/Pagina/system/CodeIgniter.php(404): CodeIgniter\CodeIgniter->runController(Object(App\Controllers\Home))
#2 /Applications/XAMPP/xamppfiles/htdocs/Pagina/system/CodeIgniter.php(312): CodeIgniter\CodeIgniter->handleRequest(NULL, Object(Config\Cache), false)
#3 /Applications/XAMPP/xamppfiles/htdocs/Pagina/index.php(45): CodeIgniter\CodeIgniter->run()
#4 {main}
CRITICAL - 2020-12-06 23:11:41 --> Class 'App\Controllers\cienteModel' not found
#0 /Applications/XAMPP/xamppfiles/htdocs/Pagina/system/CodeIgniter.php(918): App\Controllers\Home->cotizacionEnviada()
#1 /Applications/XAMPP/xamppfiles/htdocs/Pagina/system/CodeIgniter.php(404): CodeIgniter\CodeIgniter->runController(Object(App\Controllers\Home))
#2 /Applications/XAMPP/xamppfiles/htdocs/Pagina/system/CodeIgniter.php(312): CodeIgniter\CodeIgniter->handleRequest(NULL, Object(Config\Cache), false)
#3 /Applications/XAMPP/xamppfiles/htdocs/Pagina/index.php(45): CodeIgniter\CodeIgniter->run()
#4 {main}
CRITICAL - 2020-12-06 23:11:46 --> Class 'App\Controllers\cienteModel' not found
#0 /Applications/XAMPP/xamppfiles/htdocs/Pagina/system/CodeIgniter.php(918): App\Controllers\Home->cotizacionEnviada()
#1 /Applications/XAMPP/xamppfiles/htdocs/Pagina/system/CodeIgniter.php(404): CodeIgniter\CodeIgniter->runController(Object(App\Controllers\Home))
#2 /Applications/XAMPP/xamppfiles/htdocs/Pagina/system/CodeIgniter.php(312): CodeIgniter\CodeIgniter->handleRequest(NULL, Object(Config\Cache), false)
#3 /Applications/XAMPP/xamppfiles/htdocs/Pagina/index.php(45): CodeIgniter\CodeIgniter->run()
#4 {main}
CRITICAL - 2020-12-06 23:13:10 --> Class 'App\Controllers\cienteModel' not found
#0 /Applications/XAMPP/xamppfiles/htdocs/Pagina/system/CodeIgniter.php(918): App\Controllers\Home->cotizacionEnviada()
#1 /Applications/XAMPP/xamppfiles/htdocs/Pagina/system/CodeIgniter.php(404): CodeIgniter\CodeIgniter->runController(Object(App\Controllers\Home))
#2 /Applications/XAMPP/xamppfiles/htdocs/Pagina/system/CodeIgniter.php(312): CodeIgniter\CodeIgniter->handleRequest(NULL, Object(Config\Cache), false)
#3 /Applications/XAMPP/xamppfiles/htdocs/Pagina/index.php(45): CodeIgniter\CodeIgniter->run()
#4 {main}
CRITICAL - 2020-12-06 23:19:02 --> Class 'App\Controllers\cienteModel' not found
#0 /Applications/XAMPP/xamppfiles/htdocs/Pagina/system/CodeIgniter.php(918): App\Controllers\Home->cotizacionEnviada()
#1 /Applications/XAMPP/xamppfiles/htdocs/Pagina/system/CodeIgniter.php(404): CodeIgniter\CodeIgniter->runController(Object(App\Controllers\Home))
#2 /Applications/XAMPP/xamppfiles/htdocs/Pagina/system/CodeIgniter.php(312): CodeIgniter\CodeIgniter->handleRequest(NULL, Object(Config\Cache), false)
#3 /Applications/XAMPP/xamppfiles/htdocs/Pagina/index.php(45): CodeIgniter\CodeIgniter->run()
#4 {main}
CRITICAL - 2020-12-06 23:26:34 --> Class 'App\Controllers\cienteModel' not found
#0 /Applications/XAMPP/xamppfiles/htdocs/Pagina/system/CodeIgniter.php(918): App\Controllers\Home->cotizacionEnviada()
#1 /Applications/XAMPP/xamppfiles/htdocs/Pagina/system/CodeIgniter.php(404): CodeIgniter\CodeIgniter->runController(Object(App\Controllers\Home))
#2 /Applications/XAMPP/xamppfiles/htdocs/Pagina/system/CodeIgniter.php(312): CodeIgniter\CodeIgniter->handleRequest(NULL, Object(Config\Cache), false)
#3 /Applications/XAMPP/xamppfiles/htdocs/Pagina/index.php(45): CodeIgniter\CodeIgniter->run()
#4 {main}
CRITICAL - 2020-12-06 23:27:14 --> Class 'App\Controllers\cienteModel' not found
#0 /Applications/XAMPP/xamppfiles/htdocs/Pagina/system/CodeIgniter.php(918): App\Controllers\Home->cotizacionEnviada()
#1 /Applications/XAMPP/xamppfiles/htdocs/Pagina/system/CodeIgniter.php(404): CodeIgniter\CodeIgniter->runController(Object(App\Controllers\Home))
#2 /Applications/XAMPP/xamppfiles/htdocs/Pagina/system/CodeIgniter.php(312): CodeIgniter\CodeIgniter->handleRequest(NULL, Object(Config\Cache), false)
#3 /Applications/XAMPP/xamppfiles/htdocs/Pagina/index.php(45): CodeIgniter\CodeIgniter->run()
#4 {main}
CRITICAL - 2020-12-06 23:28:01 --> Class 'App\Models\cotizacionModel' not found
#0 /Applications/XAMPP/xamppfiles/htdocs/Pagina/system/CodeIgniter.php(918): App\Controllers\Home->cotizacionEnviada()
#1 /Applications/XAMPP/xamppfiles/htdocs/Pagina/system/CodeIgniter.php(404): CodeIgniter\CodeIgniter->runController(Object(App\Controllers\Home))
#2 /Applications/XAMPP/xamppfiles/htdocs/Pagina/system/CodeIgniter.php(312): CodeIgniter\CodeIgniter->handleRequest(NULL, Object(Config\Cache), false)
#3 /Applications/XAMPP/xamppfiles/htdocs/Pagina/index.php(45): CodeIgniter\CodeIgniter->run()
#4 {main}
CRITICAL - 2020-12-06 23:28:04 --> Class 'App\Models\cotizacionModel' not found
#0 /Applications/XAMPP/xamppfiles/htdocs/Pagina/system/CodeIgniter.php(918): App\Controllers\Home->cotizacionEnviada()
#1 /Applications/XAMPP/xamppfiles/htdocs/Pagina/system/CodeIgniter.php(404): CodeIgniter\CodeIgniter->runController(Object(App\Controllers\Home))
#2 /Applications/XAMPP/xamppfiles/htdocs/Pagina/system/CodeIgniter.php(312): CodeIgniter\CodeIgniter->handleRequest(NULL, Object(Config\Cache), false)
#3 /Applications/XAMPP/xamppfiles/htdocs/Pagina/index.php(45): CodeIgniter\CodeIgniter->run()
#4 {main}
CRITICAL - 2020-12-06 23:28:21 --> Class 'App\Models\cotizacionModel' not found
#0 /Applications/XAMPP/xamppfiles/htdocs/Pagina/system/CodeIgniter.php(918): App\Controllers\Home->cotizacionEnviada()
#1 /Applications/XAMPP/xamppfiles/htdocs/Pagina/system/CodeIgniter.php(404): CodeIgniter\CodeIgniter->runController(Object(App\Controllers\Home))
#2 /Applications/XAMPP/xamppfiles/htdocs/Pagina/system/CodeIgniter.php(312): CodeIgniter\CodeIgniter->handleRequest(NULL, Object(Config\Cache), false)
#3 /Applications/XAMPP/xamppfiles/htdocs/Pagina/index.php(45): CodeIgniter\CodeIgniter->run()
#4 {main}
CRITICAL - 2020-12-06 23:31:34 --> Class 'App\Models\cotizacionModel' not found
#0 /Applications/XAMPP/xamppfiles/htdocs/Pagina/system/CodeIgniter.php(918): App\Controllers\Home->cotizacionEnviada()
#1 /Applications/XAMPP/xamppfiles/htdocs/Pagina/system/CodeIgniter.php(404): CodeIgniter\CodeIgniter->runController(Object(App\Controllers\Home))
#2 /Applications/XAMPP/xamppfiles/htdocs/Pagina/system/CodeIgniter.php(312): CodeIgniter\CodeIgniter->handleRequest(NULL, Object(Config\Cache), false)
#3 /Applications/XAMPP/xamppfiles/htdocs/Pagina/index.php(45): CodeIgniter\CodeIgniter->run()
#4 {main}
CRITICAL - 2020-12-06 23:35:56 --> Class 'App\Models\cotizacionModel' not found
#0 /Applications/XAMPP/xamppfiles/htdocs/Pagina/system/CodeIgniter.php(918): App\Controllers\Home->cotizacionEnviada()
#1 /Applications/XAMPP/xamppfiles/htdocs/Pagina/system/CodeIgniter.php(404): CodeIgniter\CodeIgniter->runController(Object(App\Controllers\Home))
#2 /Applications/XAMPP/xamppfiles/htdocs/Pagina/system/CodeIgniter.php(312): CodeIgniter\CodeIgniter->handleRequest(NULL, Object(Config\Cache), false)
#3 /Applications/XAMPP/xamppfiles/htdocs/Pagina/index.php(45): CodeIgniter\CodeIgniter->run()
#4 {main}
CRITICAL - 2020-12-06 23:42:11 --> Class 'App\Models\cotizacionModel' not found
#0 /Applications/XAMPP/xamppfiles/htdocs/Pagina/system/CodeIgniter.php(918): App\Controllers\Home->cotizacionEnviada()
#1 /Applications/XAMPP/xamppfiles/htdocs/Pagina/system/CodeIgniter.php(404): CodeIgniter\CodeIgniter->runController(Object(App\Controllers\Home))
#2 /Applications/XAMPP/xamppfiles/htdocs/Pagina/system/CodeIgniter.php(312): CodeIgniter\CodeIgniter->handleRequest(NULL, Object(Config\Cache), false)
#3 /Applications/XAMPP/xamppfiles/htdocs/Pagina/index.php(45): CodeIgniter\CodeIgniter->run()
#4 {main}
CRITICAL - 2020-12-06 23:43:07 --> Class 'App\Controllers\cienteModel' not found
#0 /Applications/XAMPP/xamppfiles/htdocs/Pagina/system/CodeIgniter.php(918): App\Controllers\Home->cotizacionEnviada()
#1 /Applications/XAMPP/xamppfiles/htdocs/Pagina/system/CodeIgniter.php(404): CodeIgniter\CodeIgniter->runController(Object(App\Controllers\Home))
#2 /Applications/XAMPP/xamppfiles/htdocs/Pagina/system/CodeIgniter.php(312): CodeIgniter\CodeIgniter->handleRequest(NULL, Object(Config\Cache), false)
#3 /Applications/XAMPP/xamppfiles/htdocs/Pagina/index.php(45): CodeIgniter\CodeIgniter->run()
#4 {main}
CRITICAL - 2020-12-06 23:43:08 --> Class 'App\Controllers\cienteModel' not found
#0 /Applications/XAMPP/xamppfiles/htdocs/Pagina/system/CodeIgniter.php(918): App\Controllers\Home->cotizacionEnviada()
#1 /Applications/XAMPP/xamppfiles/htdocs/Pagina/system/CodeIgniter.php(404): CodeIgniter\CodeIgniter->runController(Object(App\Controllers\Home))
#2 /Applications/XAMPP/xamppfiles/htdocs/Pagina/system/CodeIgniter.php(312): CodeIgniter\CodeIgniter->handleRequest(NULL, Object(Config\Cache), false)
#3 /Applications/XAMPP/xamppfiles/htdocs/Pagina/index.php(45): CodeIgniter\CodeIgniter->run()
#4 {main}
CRITICAL - 2020-12-06 23:43:08 --> Class 'App\Controllers\cienteModel' not found
#0 /Applications/XAMPP/xamppfiles/htdocs/Pagina/system/CodeIgniter.php(918): App\Controllers\Home->cotizacionEnviada()
#1 /Applications/XAMPP/xamppfiles/htdocs/Pagina/system/CodeIgniter.php(404): CodeIgniter\CodeIgniter->runController(Object(App\Controllers\Home))
#2 /Applications/XAMPP/xamppfiles/htdocs/Pagina/system/CodeIgniter.php(312): CodeIgniter\CodeIgniter->handleRequest(NULL, Object(Config\Cache), false)
#3 /Applications/XAMPP/xamppfiles/htdocs/Pagina/index.php(45): CodeIgniter\CodeIgniter->run()
#4 {main}
CRITICAL - 2020-12-06 23:43:09 --> Class 'App\Controllers\cienteModel' not found
#0 /Applications/XAMPP/xamppfiles/htdocs/Pagina/system/CodeIgniter.php(918): App\Controllers\Home->cotizacionEnviada()
#1 /Applications/XAMPP/xamppfiles/htdocs/Pagina/system/CodeIgniter.php(404): CodeIgniter\CodeIgniter->runController(Object(App\Controllers\Home))
#2 /Applications/XAMPP/xamppfiles/htdocs/Pagina/system/CodeIgniter.php(312): CodeIgniter\CodeIgniter->handleRequest(NULL, Object(Config\Cache), false)
#3 /Applications/XAMPP/xamppfiles/htdocs/Pagina/index.php(45): CodeIgniter\CodeIgniter->run()
#4 {main}
CRITICAL - 2020-12-06 23:43:36 --> Cannot declare class App\Models\clienteModel, because the name is already in use
#0 [internal function]: CodeIgniter\Debug\Exceptions->shutdownHandler()
#1 {main}
CRITICAL - 2020-12-06 23:43:37 --> Cannot declare class App\Models\clienteModel, because the name is already in use
#0 [internal function]: CodeIgniter\Debug\Exceptions->shutdownHandler()
#1 {main}
CRITICAL - 2020-12-06 23:43:37 --> Cannot declare class App\Models\clienteModel, because the name is already in use
#0 [internal function]: CodeIgniter\Debug\Exceptions->shutdownHandler()
#1 {main}
CRITICAL - 2020-12-06 23:47:11 --> Cannot declare class App\Models\clienteModel, because the name is already in use
#0 [internal function]: CodeIgniter\Debug\Exceptions->shutdownHandler()
#1 {main}
