CRITICAL - 2020-12-10 00:25:11 --> Call to undefined function App\Controllers\getPost()
#0 /Applications/XAMPP/xamppfiles/htdocs/Pagina/system/CodeIgniter.php(918): App\Controllers\Admin->prueba()
#1 /Applications/XAMPP/xamppfiles/htdocs/Pagina/system/CodeIgniter.php(404): CodeIgniter\CodeIgniter->runController(Object(App\Controllers\Admin))
#2 /Applications/XAMPP/xamppfiles/htdocs/Pagina/system/CodeIgniter.php(312): CodeIgniter\CodeIgniter->handleRequest(NULL, Object(Config\Cache), false)
#3 /Applications/XAMPP/xamppfiles/htdocs/Pagina/index.php(45): CodeIgniter\CodeIgniter->run()
#4 {main}
CRITICAL - 2020-12-10 00:25:29 --> Call to undefined function App\Controllers\getPost()
#0 /Applications/XAMPP/xamppfiles/htdocs/Pagina/system/CodeIgniter.php(918): App\Controllers\Admin->prueba()
#1 /Applications/XAMPP/xamppfiles/htdocs/Pagina/system/CodeIgniter.php(404): CodeIgniter\CodeIgniter->runController(Object(App\Controllers\Admin))
#2 /Applications/XAMPP/xamppfiles/htdocs/Pagina/system/CodeIgniter.php(312): CodeIgniter\CodeIgniter->handleRequest(NULL, Object(Config\Cache), false)
#3 /Applications/XAMPP/xamppfiles/htdocs/Pagina/index.php(45): CodeIgniter\CodeIgniter->run()
#4 {main}
CRITICAL - 2020-12-10 00:26:21 --> Call to undefined function App\Controllers\getPost()
#0 /Applications/XAMPP/xamppfiles/htdocs/Pagina/system/CodeIgniter.php(918): App\Controllers\Admin->prueba()
#1 /Applications/XAMPP/xamppfiles/htdocs/Pagina/system/CodeIgniter.php(404): CodeIgniter\CodeIgniter->runController(Object(App\Controllers\Admin))
#2 /Applications/XAMPP/xamppfiles/htdocs/Pagina/system/CodeIgniter.php(312): CodeIgniter\CodeIgniter->handleRequest(NULL, Object(Config\Cache), false)
#3 /Applications/XAMPP/xamppfiles/htdocs/Pagina/index.php(45): CodeIgniter\CodeIgniter->run()
#4 {main}
CRITICAL - 2020-12-10 00:28:00 --> Call to undefined function App\Controllers\getPost()
#0 /Applications/XAMPP/xamppfiles/htdocs/Pagina/system/CodeIgniter.php(918): App\Controllers\Admin->prueba()
#1 /Applications/XAMPP/xamppfiles/htdocs/Pagina/system/CodeIgniter.php(404): CodeIgniter\CodeIgniter->runController(Object(App\Controllers\Admin))
#2 /Applications/XAMPP/xamppfiles/htdocs/Pagina/system/CodeIgniter.php(312): CodeIgniter\CodeIgniter->handleRequest(NULL, Object(Config\Cache), false)
#3 /Applications/XAMPP/xamppfiles/htdocs/Pagina/index.php(45): CodeIgniter\CodeIgniter->run()
#4 {main}
CRITICAL - 2020-12-10 00:35:45 --> move_uploaded_file(http://localhost/Pagina/assets/img/647762.jpg): failed to open stream: HTTP wrapper does not support writeable connections
#0 [internal function]: CodeIgniter\Debug\Exceptions->errorHandler(2, 'move_uploaded_f...', '/Applications/X...', 31, Array)
#1 /Applications/XAMPP/xamppfiles/htdocs/Pagina/app/Views/prueba.php(31): move_uploaded_file('/Applications/X...', 'http://localhos...')
#2 /Applications/XAMPP/xamppfiles/htdocs/Pagina/system/View/View.php(246): include('/Applications/X...')
#3 /Applications/XAMPP/xamppfiles/htdocs/Pagina/system/Common.php(1119): CodeIgniter\View\View->render('prueba', Array, true)
#4 /Applications/XAMPP/xamppfiles/htdocs/Pagina/app/Controllers/Admin.php(95): view('prueba', Array)
#5 /Applications/XAMPP/xamppfiles/htdocs/Pagina/system/CodeIgniter.php(918): App\Controllers\Admin->galeria()
#6 /Applications/XAMPP/xamppfiles/htdocs/Pagina/system/CodeIgniter.php(404): CodeIgniter\CodeIgniter->runController(Object(App\Controllers\Admin))
#7 /Applications/XAMPP/xamppfiles/htdocs/Pagina/system/CodeIgniter.php(312): CodeIgniter\CodeIgniter->handleRequest(NULL, Object(Config\Cache), false)
#8 /Applications/XAMPP/xamppfiles/htdocs/Pagina/index.php(45): CodeIgniter\CodeIgniter->run()
#9 {main}
CRITICAL - 2020-12-10 01:11:23 --> Invalid file: {0}
#0 /Applications/XAMPP/xamppfiles/htdocs/Pagina/system/View/View.php(228): CodeIgniter\Exceptions\FrameworkException::forInvalidFile('prueba.php')
#1 /Applications/XAMPP/xamppfiles/htdocs/Pagina/system/Common.php(1119): CodeIgniter\View\View->render('prueba', Array, true)
#2 /Applications/XAMPP/xamppfiles/htdocs/Pagina/app/Controllers/Admin.php(95): view('prueba', Array)
#3 /Applications/XAMPP/xamppfiles/htdocs/Pagina/system/CodeIgniter.php(918): App\Controllers\Admin->galeria()
#4 /Applications/XAMPP/xamppfiles/htdocs/Pagina/system/CodeIgniter.php(404): CodeIgniter\CodeIgniter->runController(Object(App\Controllers\Admin))
#5 /Applications/XAMPP/xamppfiles/htdocs/Pagina/system/CodeIgniter.php(312): CodeIgniter\CodeIgniter->handleRequest(NULL, Object(Config\Cache), false)
#6 /Applications/XAMPP/xamppfiles/htdocs/Pagina/index.php(45): CodeIgniter\CodeIgniter->run()
#7 {main}
CRITICAL - 2020-12-10 02:12:38 --> Argument 2 passed to view() must be of the type array, null given, called in /Applications/XAMPP/xamppfiles/htdocs/Pagina/app/Controllers/Admin.php on line 21
#0 /Applications/XAMPP/xamppfiles/htdocs/Pagina/app/Controllers/Admin.php(21): view('admin_cont', NULL)
#1 /Applications/XAMPP/xamppfiles/htdocs/Pagina/system/CodeIgniter.php(918): App\Controllers\Admin->administrar()
#2 /Applications/XAMPP/xamppfiles/htdocs/Pagina/system/CodeIgniter.php(404): CodeIgniter\CodeIgniter->runController(Object(App\Controllers\Admin))
#3 /Applications/XAMPP/xamppfiles/htdocs/Pagina/system/CodeIgniter.php(312): CodeIgniter\CodeIgniter->handleRequest(NULL, Object(Config\Cache), false)
#4 /Applications/XAMPP/xamppfiles/htdocs/Pagina/index.php(45): CodeIgniter\CodeIgniter->run()
#5 {main}
CRITICAL - 2020-12-10 02:12:44 --> Argument 2 passed to view() must be of the type array, null given, called in /Applications/XAMPP/xamppfiles/htdocs/Pagina/app/Controllers/Admin.php on line 21
#0 /Applications/XAMPP/xamppfiles/htdocs/Pagina/app/Controllers/Admin.php(21): view('admin_cont', NULL)
#1 /Applications/XAMPP/xamppfiles/htdocs/Pagina/system/CodeIgniter.php(918): App\Controllers\Admin->administrar()
#2 /Applications/XAMPP/xamppfiles/htdocs/Pagina/system/CodeIgniter.php(404): CodeIgniter\CodeIgniter->runController(Object(App\Controllers\Admin))
#3 /Applications/XAMPP/xamppfiles/htdocs/Pagina/system/CodeIgniter.php(312): CodeIgniter\CodeIgniter->handleRequest(NULL, Object(Config\Cache), false)
#4 /Applications/XAMPP/xamppfiles/htdocs/Pagina/index.php(45): CodeIgniter\CodeIgniter->run()
#5 {main}
CRITICAL - 2020-12-10 03:31:14 --> Call to a member function getName() on null
#0 /Applications/XAMPP/xamppfiles/htdocs/Pagina/system/CodeIgniter.php(918): App\Controllers\Admin->galeria()
#1 /Applications/XAMPP/xamppfiles/htdocs/Pagina/system/CodeIgniter.php(404): CodeIgniter\CodeIgniter->runController(Object(App\Controllers\Admin))
#2 /Applications/XAMPP/xamppfiles/htdocs/Pagina/system/CodeIgniter.php(312): CodeIgniter\CodeIgniter->handleRequest(NULL, Object(Config\Cache), false)
#3 /Applications/XAMPP/xamppfiles/htdocs/Pagina/index.php(45): CodeIgniter\CodeIgniter->run()
#4 {main}
CRITICAL - 2020-12-10 03:31:16 --> Call to a member function getName() on null
#0 /Applications/XAMPP/xamppfiles/htdocs/Pagina/system/CodeIgniter.php(918): App\Controllers\Admin->galeria()
#1 /Applications/XAMPP/xamppfiles/htdocs/Pagina/system/CodeIgniter.php(404): CodeIgniter\CodeIgniter->runController(Object(App\Controllers\Admin))
#2 /Applications/XAMPP/xamppfiles/htdocs/Pagina/system/CodeIgniter.php(312): CodeIgniter\CodeIgniter->handleRequest(NULL, Object(Config\Cache), false)
#3 /Applications/XAMPP/xamppfiles/htdocs/Pagina/index.php(45): CodeIgniter\CodeIgniter->run()
#4 {main}
CRITICAL - 2020-12-10 03:31:16 --> Call to a member function getName() on null
#0 /Applications/XAMPP/xamppfiles/htdocs/Pagina/system/CodeIgniter.php(918): App\Controllers\Admin->galeria()
#1 /Applications/XAMPP/xamppfiles/htdocs/Pagina/system/CodeIgniter.php(404): CodeIgniter\CodeIgniter->runController(Object(App\Controllers\Admin))
#2 /Applications/XAMPP/xamppfiles/htdocs/Pagina/system/CodeIgniter.php(312): CodeIgniter\CodeIgniter->handleRequest(NULL, Object(Config\Cache), false)
#3 /Applications/XAMPP/xamppfiles/htdocs/Pagina/index.php(45): CodeIgniter\CodeIgniter->run()
#4 {main}
CRITICAL - 2020-12-10 03:31:16 --> Call to a member function getName() on null
#0 /Applications/XAMPP/xamppfiles/htdocs/Pagina/system/CodeIgniter.php(918): App\Controllers\Admin->galeria()
#1 /Applications/XAMPP/xamppfiles/htdocs/Pagina/system/CodeIgniter.php(404): CodeIgniter\CodeIgniter->runController(Object(App\Controllers\Admin))
#2 /Applications/XAMPP/xamppfiles/htdocs/Pagina/system/CodeIgniter.php(312): CodeIgniter\CodeIgniter->handleRequest(NULL, Object(Config\Cache), false)
#3 /Applications/XAMPP/xamppfiles/htdocs/Pagina/index.php(45): CodeIgniter\CodeIgniter->run()
#4 {main}
CRITICAL - 2020-12-10 03:31:17 --> Call to a member function getName() on null
#0 /Applications/XAMPP/xamppfiles/htdocs/Pagina/system/CodeIgniter.php(918): App\Controllers\Admin->galeria()
#1 /Applications/XAMPP/xamppfiles/htdocs/Pagina/system/CodeIgniter.php(404): CodeIgniter\CodeIgniter->runController(Object(App\Controllers\Admin))
#2 /Applications/XAMPP/xamppfiles/htdocs/Pagina/system/CodeIgniter.php(312): CodeIgniter\CodeIgniter->handleRequest(NULL, Object(Config\Cache), false)
#3 /Applications/XAMPP/xamppfiles/htdocs/Pagina/index.php(45): CodeIgniter\CodeIgniter->run()
#4 {main}
CRITICAL - 2020-12-10 03:32:11 --> Call to a member function getName() on null
#0 /Applications/XAMPP/xamppfiles/htdocs/Pagina/system/CodeIgniter.php(918): App\Controllers\Admin->galeria()
#1 /Applications/XAMPP/xamppfiles/htdocs/Pagina/system/CodeIgniter.php(404): CodeIgniter\CodeIgniter->runController(Object(App\Controllers\Admin))
#2 /Applications/XAMPP/xamppfiles/htdocs/Pagina/system/CodeIgniter.php(312): CodeIgniter\CodeIgniter->handleRequest(NULL, Object(Config\Cache), false)
#3 /Applications/XAMPP/xamppfiles/htdocs/Pagina/index.php(45): CodeIgniter\CodeIgniter->run()
#4 {main}
CRITICAL - 2020-12-10 03:32:19 --> Call to a member function getName() on null
#0 /Applications/XAMPP/xamppfiles/htdocs/Pagina/system/CodeIgniter.php(918): App\Controllers\Admin->galeria()
#1 /Applications/XAMPP/xamppfiles/htdocs/Pagina/system/CodeIgniter.php(404): CodeIgniter\CodeIgniter->runController(Object(App\Controllers\Admin))
#2 /Applications/XAMPP/xamppfiles/htdocs/Pagina/system/CodeIgniter.php(312): CodeIgniter\CodeIgniter->handleRequest(NULL, Object(Config\Cache), false)
#3 /Applications/XAMPP/xamppfiles/htdocs/Pagina/index.php(45): CodeIgniter\CodeIgniter->run()
#4 {main}
CRITICAL - 2020-12-10 03:32:46 --> Argument 2 passed to view() must be of the type array, null given, called in /Applications/XAMPP/xamppfiles/htdocs/Pagina/app/Controllers/Admin.php on line 129
#0 /Applications/XAMPP/xamppfiles/htdocs/Pagina/app/Controllers/Admin.php(129): view('pictures_cont', NULL)
#1 /Applications/XAMPP/xamppfiles/htdocs/Pagina/system/CodeIgniter.php(918): App\Controllers\Admin->galeria()
#2 /Applications/XAMPP/xamppfiles/htdocs/Pagina/system/CodeIgniter.php(404): CodeIgniter\CodeIgniter->runController(Object(App\Controllers\Admin))
#3 /Applications/XAMPP/xamppfiles/htdocs/Pagina/system/CodeIgniter.php(312): CodeIgniter\CodeIgniter->handleRequest(NULL, Object(Config\Cache), false)
#4 /Applications/XAMPP/xamppfiles/htdocs/Pagina/index.php(45): CodeIgniter\CodeIgniter->run()
#5 {main}
CRITICAL - 2020-12-10 03:32:47 --> Argument 2 passed to view() must be of the type array, null given, called in /Applications/XAMPP/xamppfiles/htdocs/Pagina/app/Controllers/Admin.php on line 129
#0 /Applications/XAMPP/xamppfiles/htdocs/Pagina/app/Controllers/Admin.php(129): view('pictures_cont', NULL)
#1 /Applications/XAMPP/xamppfiles/htdocs/Pagina/system/CodeIgniter.php(918): App\Controllers\Admin->galeria()
#2 /Applications/XAMPP/xamppfiles/htdocs/Pagina/system/CodeIgniter.php(404): CodeIgniter\CodeIgniter->runController(Object(App\Controllers\Admin))
#3 /Applications/XAMPP/xamppfiles/htdocs/Pagina/system/CodeIgniter.php(312): CodeIgniter\CodeIgniter->handleRequest(NULL, Object(Config\Cache), false)
#4 /Applications/XAMPP/xamppfiles/htdocs/Pagina/index.php(45): CodeIgniter\CodeIgniter->run()
#5 {main}
CRITICAL - 2020-12-10 03:32:48 --> Argument 2 passed to view() must be of the type array, null given, called in /Applications/XAMPP/xamppfiles/htdocs/Pagina/app/Controllers/Admin.php on line 129
#0 /Applications/XAMPP/xamppfiles/htdocs/Pagina/app/Controllers/Admin.php(129): view('pictures_cont', NULL)
#1 /Applications/XAMPP/xamppfiles/htdocs/Pagina/system/CodeIgniter.php(918): App\Controllers\Admin->galeria()
#2 /Applications/XAMPP/xamppfiles/htdocs/Pagina/system/CodeIgniter.php(404): CodeIgniter\CodeIgniter->runController(Object(App\Controllers\Admin))
#3 /Applications/XAMPP/xamppfiles/htdocs/Pagina/system/CodeIgniter.php(312): CodeIgniter\CodeIgniter->handleRequest(NULL, Object(Config\Cache), false)
#4 /Applications/XAMPP/xamppfiles/htdocs/Pagina/index.php(45): CodeIgniter\CodeIgniter->run()
#5 {main}
CRITICAL - 2020-12-10 03:32:59 --> Argument 2 passed to view() must be of the type array, null given, called in /Applications/XAMPP/xamppfiles/htdocs/Pagina/app/Controllers/Admin.php on line 129
#0 /Applications/XAMPP/xamppfiles/htdocs/Pagina/app/Controllers/Admin.php(129): view('pictures_cont', NULL)
#1 /Applications/XAMPP/xamppfiles/htdocs/Pagina/system/CodeIgniter.php(918): App\Controllers\Admin->galeria()
#2 /Applications/XAMPP/xamppfiles/htdocs/Pagina/system/CodeIgniter.php(404): CodeIgniter\CodeIgniter->runController(Object(App\Controllers\Admin))
#3 /Applications/XAMPP/xamppfiles/htdocs/Pagina/system/CodeIgniter.php(312): CodeIgniter\CodeIgniter->handleRequest(NULL, Object(Config\Cache), false)
#4 /Applications/XAMPP/xamppfiles/htdocs/Pagina/index.php(45): CodeIgniter\CodeIgniter->run()
#5 {main}
CRITICAL - 2020-12-10 03:33:17 --> Invalid argument supplied for foreach()
#0 /Applications/XAMPP/xamppfiles/htdocs/Pagina/app/Views/pictures_cont.php(9): CodeIgniter\Debug\Exceptions->errorHandler(2, 'Invalid argumen...', '/Applications/X...', 9, Array)
#1 /Applications/XAMPP/xamppfiles/htdocs/Pagina/system/View/View.php(246): include('/Applications/X...')
#2 /Applications/XAMPP/xamppfiles/htdocs/Pagina/system/Common.php(1119): CodeIgniter\View\View->render('pictures_cont', Array, true)
#3 /Applications/XAMPP/xamppfiles/htdocs/Pagina/app/Controllers/Admin.php(129): view('pictures_cont')
#4 /Applications/XAMPP/xamppfiles/htdocs/Pagina/system/CodeIgniter.php(918): App\Controllers\Admin->galeria()
#5 /Applications/XAMPP/xamppfiles/htdocs/Pagina/system/CodeIgniter.php(404): CodeIgniter\CodeIgniter->runController(Object(App\Controllers\Admin))
#6 /Applications/XAMPP/xamppfiles/htdocs/Pagina/system/CodeIgniter.php(312): CodeIgniter\CodeIgniter->handleRequest(NULL, Object(Config\Cache), false)
#7 /Applications/XAMPP/xamppfiles/htdocs/Pagina/index.php(45): CodeIgniter\CodeIgniter->run()
#8 {main}
CRITICAL - 2020-12-10 03:33:59 --> Call to a member function getName() on null
#0 /Applications/XAMPP/xamppfiles/htdocs/Pagina/system/CodeIgniter.php(918): App\Controllers\Admin->galeria()
#1 /Applications/XAMPP/xamppfiles/htdocs/Pagina/system/CodeIgniter.php(404): CodeIgniter\CodeIgniter->runController(Object(App\Controllers\Admin))
#2 /Applications/XAMPP/xamppfiles/htdocs/Pagina/system/CodeIgniter.php(312): CodeIgniter\CodeIgniter->handleRequest(NULL, Object(Config\Cache), false)
#3 /Applications/XAMPP/xamppfiles/htdocs/Pagina/index.php(45): CodeIgniter\CodeIgniter->run()
#4 {main}
CRITICAL - 2020-12-10 03:34:00 --> Call to a member function getName() on null
#0 /Applications/XAMPP/xamppfiles/htdocs/Pagina/system/CodeIgniter.php(918): App\Controllers\Admin->galeria()
#1 /Applications/XAMPP/xamppfiles/htdocs/Pagina/system/CodeIgniter.php(404): CodeIgniter\CodeIgniter->runController(Object(App\Controllers\Admin))
#2 /Applications/XAMPP/xamppfiles/htdocs/Pagina/system/CodeIgniter.php(312): CodeIgniter\CodeIgniter->handleRequest(NULL, Object(Config\Cache), false)
#3 /Applications/XAMPP/xamppfiles/htdocs/Pagina/index.php(45): CodeIgniter\CodeIgniter->run()
#4 {main}
CRITICAL - 2020-12-10 03:34:00 --> Call to a member function getName() on null
#0 /Applications/XAMPP/xamppfiles/htdocs/Pagina/system/CodeIgniter.php(918): App\Controllers\Admin->galeria()
#1 /Applications/XAMPP/xamppfiles/htdocs/Pagina/system/CodeIgniter.php(404): CodeIgniter\CodeIgniter->runController(Object(App\Controllers\Admin))
#2 /Applications/XAMPP/xamppfiles/htdocs/Pagina/system/CodeIgniter.php(312): CodeIgniter\CodeIgniter->handleRequest(NULL, Object(Config\Cache), false)
#3 /Applications/XAMPP/xamppfiles/htdocs/Pagina/index.php(45): CodeIgniter\CodeIgniter->run()
#4 {main}
CRITICAL - 2020-12-10 03:57:08 --> syntax error, unexpected '}', expecting end of file
#0 /Applications/XAMPP/xamppfiles/htdocs/Pagina/system/Router/Router.php(195): CodeIgniter\Router\Router->autoRoute('Admin/datos')
#1 /Applications/XAMPP/xamppfiles/htdocs/Pagina/system/CodeIgniter.php(793): CodeIgniter\Router\Router->handle('Admin/datos')
#2 /Applications/XAMPP/xamppfiles/htdocs/Pagina/system/CodeIgniter.php(364): CodeIgniter\CodeIgniter->tryToRouteIt(Object(CodeIgniter\Router\RouteCollection))
#3 /Applications/XAMPP/xamppfiles/htdocs/Pagina/system/CodeIgniter.php(312): CodeIgniter\CodeIgniter->handleRequest(NULL, Object(Config\Cache), false)
#4 /Applications/XAMPP/xamppfiles/htdocs/Pagina/index.php(45): CodeIgniter\CodeIgniter->run()
#5 {main}
CRITICAL - 2020-12-10 03:57:10 --> syntax error, unexpected '}', expecting end of file
#0 /Applications/XAMPP/xamppfiles/htdocs/Pagina/system/Router/Router.php(195): CodeIgniter\Router\Router->autoRoute('Admin/galeria')
#1 /Applications/XAMPP/xamppfiles/htdocs/Pagina/system/CodeIgniter.php(793): CodeIgniter\Router\Router->handle('Admin/galeria')
#2 /Applications/XAMPP/xamppfiles/htdocs/Pagina/system/CodeIgniter.php(364): CodeIgniter\CodeIgniter->tryToRouteIt(Object(CodeIgniter\Router\RouteCollection))
#3 /Applications/XAMPP/xamppfiles/htdocs/Pagina/system/CodeIgniter.php(312): CodeIgniter\CodeIgniter->handleRequest(NULL, Object(Config\Cache), false)
#4 /Applications/XAMPP/xamppfiles/htdocs/Pagina/index.php(45): CodeIgniter\CodeIgniter->run()
#5 {main}
CRITICAL - 2020-12-10 03:57:50 --> syntax error, unexpected '}', expecting end of file
#0 /Applications/XAMPP/xamppfiles/htdocs/Pagina/system/Router/Router.php(195): CodeIgniter\Router\Router->autoRoute('Admin/administr...')
#1 /Applications/XAMPP/xamppfiles/htdocs/Pagina/system/CodeIgniter.php(793): CodeIgniter\Router\Router->handle('Admin/administr...')
#2 /Applications/XAMPP/xamppfiles/htdocs/Pagina/system/CodeIgniter.php(364): CodeIgniter\CodeIgniter->tryToRouteIt(Object(CodeIgniter\Router\RouteCollection))
#3 /Applications/XAMPP/xamppfiles/htdocs/Pagina/system/CodeIgniter.php(312): CodeIgniter\CodeIgniter->handleRequest(NULL, Object(Config\Cache), false)
#4 /Applications/XAMPP/xamppfiles/htdocs/Pagina/index.php(45): CodeIgniter\CodeIgniter->run()
#5 {main}
CRITICAL - 2020-12-10 04:20:56 --> Invalid file: {0}
#0 /Applications/XAMPP/xamppfiles/htdocs/Pagina/system/View/View.php(228): CodeIgniter\Exceptions\FrameworkException::forInvalidFile('actualizado_con...')
#1 /Applications/XAMPP/xamppfiles/htdocs/Pagina/system/Common.php(1119): CodeIgniter\View\View->render('actualizado_con...', Array, true)
#2 /Applications/XAMPP/xamppfiles/htdocs/Pagina/app/Controllers/Admin.php(184): view('actualizado_con...')
#3 /Applications/XAMPP/xamppfiles/htdocs/Pagina/system/CodeIgniter.php(918): App\Controllers\Admin->actualizados()
#4 /Applications/XAMPP/xamppfiles/htdocs/Pagina/system/CodeIgniter.php(404): CodeIgniter\CodeIgniter->runController(Object(App\Controllers\Admin))
#5 /Applications/XAMPP/xamppfiles/htdocs/Pagina/system/CodeIgniter.php(312): CodeIgniter\CodeIgniter->handleRequest(NULL, Object(Config\Cache), false)
#6 /Applications/XAMPP/xamppfiles/htdocs/Pagina/index.php(45): CodeIgniter\CodeIgniter->run()
#7 {main}
CRITICAL - 2020-12-10 04:22:09 --> Invalid file: {0}
#0 /Applications/XAMPP/xamppfiles/htdocs/Pagina/system/View/View.php(228): CodeIgniter\Exceptions\FrameworkException::forInvalidFile('actualizado_con...')
#1 /Applications/XAMPP/xamppfiles/htdocs/Pagina/system/Common.php(1119): CodeIgniter\View\View->render('actualizado_con...', Array, true)
#2 /Applications/XAMPP/xamppfiles/htdocs/Pagina/app/Controllers/Admin.php(185): view('actualizado_con...')
#3 /Applications/XAMPP/xamppfiles/htdocs/Pagina/system/CodeIgniter.php(918): App\Controllers\Admin->actualizados()
#4 /Applications/XAMPP/xamppfiles/htdocs/Pagina/system/CodeIgniter.php(404): CodeIgniter\CodeIgniter->runController(Object(App\Controllers\Admin))
#5 /Applications/XAMPP/xamppfiles/htdocs/Pagina/system/CodeIgniter.php(312): CodeIgniter\CodeIgniter->handleRequest(NULL, Object(Config\Cache), false)
#6 /Applications/XAMPP/xamppfiles/htdocs/Pagina/index.php(45): CodeIgniter\CodeIgniter->run()
#7 {main}
